#
# A fatal error has been detected by the Java Runtime Environment:
#
#  Internal Error (./src/hotspot/cpu/x86/macroAssembler_x86.cpp:880), pid=28060, tid=9140
#  fatal error: DEBUG MESSAGE: unimplemented bytecode
#
# JRE version: OpenJDK Runtime Environment AdoptOpenJDK (15.0.2+7) (build 15.0.2+7)
# Java VM: OpenJDK 64-Bit Server VM AdoptOpenJDK (15.0.2+7, mixed mode, sharing, tiered, compressed oops, g1 gc, windows-amd64)
# No core dump will be written. Minidumps are not enabled by default on client versions of Windows
#
# If you would like to submit a bug report, please visit:
#   https://github.com/AdoptOpenJDK/openjdk-support/issues
#

---------------  S U M M A R Y ------------

Command Line: -agentlib:jdwp=transport=dt_socket,address=127.0.0.1:51429,suspend=y,server=n -ea -Djava.library.path=D:\Java\javaFX\javafx-sdk-15.0.1\lib -Didea.test.cyclic.buffer.size=1048576 -javaagent:C:\Users\17974\AppData\Local\JetBrains\IdeaIC2020.3\captureAgent\debugger-agent.jar -Dfile.encoding=UTF-8 com.intellij.rt.junit.JUnitStarter -ideVersion5 -junit5 comp1110.ass2.IsSharedStateWellFormedTest

Host: Intel(R) Core(TM) i7-10750H CPU @ 2.60GHz, 12 cores, 15G,  Windows 10 , 64 bit Build 18362 (10.0.18362.1350)
Time: Sat Mar 20 01:58:02 2021 ?D1¨²¡À¨º¡Á?¨º¡À?? elapsed time: 1430.398650 seconds (0d 0h 23m 50s)

---------------  T H R E A D  ---------------

Current thread (0x000001f1a7bc38b0):  JavaThread "main" [_thread_in_Java, id=9140, stack(0x000000c9d8c00000,0x000000c9d8d00000)]

Stack: [0x000000c9d8c00000,0x000000c9d8d00000]
[error occurred during error reporting (printing stack bounds), id 0xc0000005, EXCEPTION_ACCESS_VIOLATION (0xc0000005) at pc=0x00007ffdda3df595]

Native frames: (J=compiled Java code, j=interpreted, Vv=VM code, C=native code)
V  [jvm.dll+0x5f7a3a]
V  [jvm.dll+0x796fe9]
V  [jvm.dll+0x798743]
V  [jvm.dll+0x798cf5]
V  [jvm.dll+0x798cab]
V  [jvm.dll+0x5f6e5f]
V  [jvm.dll+0x5f7628]
C  [ntdll.dll+0xa1eef]
C  [ntdll.dll+0x6aad9]
C  [ntdll.dll+0xa0b5e]
V  [jvm.dll+0x65f595]
C  0x000001f1b00c0bbe


---------------  P R O C E S S  ---------------

Threads class SMR info:
_java_thread_list=0x000001f1cca8a160, length=13, elements={
0x000001f1a7bc38b0, 0x000001f1cb93b000, 0x000001f1cb93bae0, 0x000001f1cb95a8d0,
0x000001f1cb95b190, 0x000001f1cb95ea70, 0x000001f1cb95f760, 0x000001f1cb965720,
0x000001f1cb972150, 0x000001f1cc2cc140, 0x000001f1cc35cdf0, 0x000001f1cc4bba20,
0x000001f1cd20ca40
}

Java Threads: ( => current thread )
=>0x000001f1a7bc38b0 JavaThread "main" [_thread_in_Java, id=9140, stack(0x000000c9d8c00000,0x000000c9d8d00000)]
  0x000001f1cb93b000 JavaThread "Reference Handler" daemon [_thread_blocked, id=22520, stack(0x000000c9d9300000,0x000000c9d9400000)]
  0x000001f1cb93bae0 JavaThread "Finalizer" daemon [_thread_blocked, id=28248, stack(0x000000c9d9400000,0x000000c9d9500000)]
  0x000001f1cb95a8d0 JavaThread "Signal Dispatcher" daemon [_thread_blocked, id=19132, stack(0x000000c9d9500000,0x000000c9d9600000)]
  0x000001f1cb95b190 JavaThread "Attach Listener" daemon [_thread_blocked, id=18604, stack(0x000000c9d9600000,0x000000c9d9700000)]
  0x000001f1cb95ea70 JavaThread "Service Thread" daemon [_thread_blocked, id=8168, stack(0x000000c9d9700000,0x000000c9d9800000)]
  0x000001f1cb95f760 JavaThread "C2 CompilerThread0" daemon [_thread_blocked, id=980, stack(0x000000c9d9800000,0x000000c9d9900000)]
  0x000001f1cb965720 JavaThread "C1 CompilerThread0" daemon [_thread_blocked, id=14688, stack(0x000000c9d9900000,0x000000c9d9a00000)]
  0x000001f1cb972150 JavaThread "Sweeper thread" daemon [_thread_blocked, id=13340, stack(0x000000c9d9a00000,0x000000c9d9b00000)]
  0x000001f1cc2cc140 JavaThread "Common-Cleaner" daemon [_thread_blocked, id=28880, stack(0x000000c9d9b00000,0x000000c9d9c00000)]
  0x000001f1cc35cdf0 JavaThread "JDWP Event Helper Thread" daemon [_thread_blocked, id=21176, stack(0x000000c9d9d00000,0x000000c9d9e00000)]
  0x000001f1cc4bba20 JavaThread "Notification Thread" daemon [_thread_blocked, id=20472, stack(0x000000c9da100000,0x000000c9da200000)]
  0x000001f1cd20ca40 JavaThread "junit-jupiter-timeout-watcher" [_thread_blocked, id=5308, stack(0x000000c9da300000,0x000000c9da400000)]

Other Threads:
  0x000001f1cb938860 VMThread "VM Thread" [stack: 0x000000c9d9200000,0x000000c9d9300000] [id=28792]
  0x000001f1a7bc4a60 WatcherThread [stack: 0x000000c9da200000,0x000000c9da300000] [id=18972]
  0x000001f1a7c151b0 GCTaskThread "GC Thread#0" [stack: 0x000000c9d8d00000,0x000000c9d8e00000] [id=17684]
  0x000001f1a7c271a0 ConcurrentGCThread "G1 Main Marker" [stack: 0x000000c9d8e00000,0x000000c9d8f00000] [id=2040]
  0x000001f1a7c284c0 ConcurrentGCThread "G1 Conc#0" [stack: 0x000000c9d8f00000,0x000000c9d9000000] [id=21004]
  0x000001f1cb831560 ConcurrentGCThread "G1 Refine#0" [stack: 0x000000c9d9000000,0x000000c9d9100000] [id=12568]
  0x000001f1cb831f70 ConcurrentGCThread "G1 Young RemSet Sampling" [stack: 0x000000c9d9100000,0x000000c9d9200000] [id=16404]

Threads with active compile tasks:

VM state: not at safepoint (normal execution)

VM Mutex/Monitor currently owned by a thread: None

Heap address: 0x0000000702000000, size: 4064 MB, Compressed Oops mode: Zero based, Oop shift amount: 3
CDS archive(s) mapped at: [0x0000000800000000-0x0000000800b50000-0x0000000800b50000), size 11862016, SharedBaseAddress: 0x0000000800000000, ArchiveRelocationMode: 0.
Compressed class space mapped at: 0x0000000800b50000-0x0000000840b50000, size: 1073741824
Narrow klass base: 0x0000000800000000, Narrow klass shift: 3, Narrow klass range: 0x100000000

GC Precious Log:
 CPUs: 12 total, 12 available
 Memory: 16252M
 Large Page Support: Disabled
 NUMA Support: Disabled
 Compressed Oops: Enabled (Zero based)
 Heap Region Size: 2M
 Heap Min Capacity: 8M
 Heap Initial Capacity: 254M
 Heap Max Capacity: 4064M
 Pre-touch: Disabled
 Parallel Workers: 10
 Concurrent Workers: 3
 Concurrent Refinement Workers: 10
 Periodic GC: Disabled

Heap:
 garbage-first heap   total 260096K, used 20480K [0x0000000702000000, 0x0000000800000000)
  region size 2048K, 11 young (22528K), 0 survivors (0K)
 Metaspace       used 4922K, capacity 7054K, committed 7296K, reserved 1056768K
  class space    used 606K, capacity 792K, committed 896K, reserved 1048576K

Heap Regions: E=young(eden), S=young(survivor), O=old, HS=humongous(starts), HC=humongous(continues), CS=collection set, F=free, OA=open archive, CA=closed archive, TAMS=top-at-mark-start (previous, next)
|   0|0x0000000702000000, 0x0000000702000000, 0x0000000702200000|  0%| F|  |TAMS 0x0000000702000000, 0x0000000702000000| Untracked 
|   1|0x0000000702200000, 0x0000000702200000, 0x0000000702400000|  0%| F|  |TAMS 0x0000000702200000, 0x0000000702200000| Untracked 
|   2|0x0000000702400000, 0x0000000702400000, 0x0000000702600000|  0%| F|  |TAMS 0x0000000702400000, 0x0000000702400000| Untracked 
|   3|0x0000000702600000, 0x0000000702600000, 0x0000000702800000|  0%| F|  |TAMS 0x0000000702600000, 0x0000000702600000| Untracked 
|   4|0x0000000702800000, 0x0000000702800000, 0x0000000702a00000|  0%| F|  |TAMS 0x0000000702800000, 0x0000000702800000| Untracked 
|   5|0x0000000702a00000, 0x0000000702a00000, 0x0000000702c00000|  0%| F|  |TAMS 0x0000000702a00000, 0x0000000702a00000| Untracked 
|   6|0x0000000702c00000, 0x0000000702c00000, 0x0000000702e00000|  0%| F|  |TAMS 0x0000000702c00000, 0x0000000702c00000| Untracked 
|   7|0x0000000702e00000, 0x0000000702e00000, 0x0000000703000000|  0%| F|  |TAMS 0x0000000702e00000, 0x0000000702e00000| Untracked 
|   8|0x0000000703000000, 0x0000000703000000, 0x0000000703200000|  0%| F|  |TAMS 0x0000000703000000, 0x0000000703000000| Untracked 
|   9|0x0000000703200000, 0x0000000703200000, 0x0000000703400000|  0%| F|  |TAMS 0x0000000703200000, 0x0000000703200000| Untracked 
|  10|0x0000000703400000, 0x0000000703400000, 0x0000000703600000|  0%| F|  |TAMS 0x0000000703400000, 0x0000000703400000| Untracked 
|  11|0x0000000703600000, 0x0000000703600000, 0x0000000703800000|  0%| F|  |TAMS 0x0000000703600000, 0x0000000703600000| Untracked 
|  12|0x0000000703800000, 0x0000000703800000, 0x0000000703a00000|  0%| F|  |TAMS 0x0000000703800000, 0x0000000703800000| Untracked 
|  13|0x0000000703a00000, 0x0000000703a00000, 0x0000000703c00000|  0%| F|  |TAMS 0x0000000703a00000, 0x0000000703a00000| Untracked 
|  14|0x0000000703c00000, 0x0000000703c00000, 0x0000000703e00000|  0%| F|  |TAMS 0x0000000703c00000, 0x0000000703c00000| Untracked 
|  15|0x0000000703e00000, 0x0000000703e00000, 0x0000000704000000|  0%| F|  |TAMS 0x0000000703e00000, 0x0000000703e00000| Untracked 
|  16|0x0000000704000000, 0x0000000704000000, 0x0000000704200000|  0%| F|  |TAMS 0x0000000704000000, 0x0000000704000000| Untracked 
|  17|0x0000000704200000, 0x0000000704200000, 0x0000000704400000|  0%| F|  |TAMS 0x0000000704200000, 0x0000000704200000| Untracked 
|  18|0x0000000704400000, 0x0000000704400000, 0x0000000704600000|  0%| F|  |TAMS 0x0000000704400000, 0x0000000704400000| Untracked 
|  19|0x0000000704600000, 0x0000000704600000, 0x0000000704800000|  0%| F|  |TAMS 0x0000000704600000, 0x0000000704600000| Untracked 
|  20|0x0000000704800000, 0x0000000704800000, 0x0000000704a00000|  0%| F|  |TAMS 0x0000000704800000, 0x0000000704800000| Untracked 
|  21|0x0000000704a00000, 0x0000000704a00000, 0x0000000704c00000|  0%| F|  |TAMS 0x0000000704a00000, 0x0000000704a00000| Untracked 
|  22|0x0000000704c00000, 0x0000000704c00000, 0x0000000704e00000|  0%| F|  |TAMS 0x0000000704c00000, 0x0000000704c00000| Untracked 
|  23|0x0000000704e00000, 0x0000000704e00000, 0x0000000705000000|  0%| F|  |TAMS 0x0000000704e00000, 0x0000000704e00000| Untracked 
|  24|0x0000000705000000, 0x0000000705000000, 0x0000000705200000|  0%| F|  |TAMS 0x0000000705000000, 0x0000000705000000| Untracked 
|  25|0x0000000705200000, 0x0000000705200000, 0x0000000705400000|  0%| F|  |TAMS 0x0000000705200000, 0x0000000705200000| Untracked 
|  26|0x0000000705400000, 0x0000000705400000, 0x0000000705600000|  0%| F|  |TAMS 0x0000000705400000, 0x0000000705400000| Untracked 
|  27|0x0000000705600000, 0x0000000705600000, 0x0000000705800000|  0%| F|  |TAMS 0x0000000705600000, 0x0000000705600000| Untracked 
|  28|0x0000000705800000, 0x0000000705800000, 0x0000000705a00000|  0%| F|  |TAMS 0x0000000705800000, 0x0000000705800000| Untracked 
|  29|0x0000000705a00000, 0x0000000705a00000, 0x0000000705c00000|  0%| F|  |TAMS 0x0000000705a00000, 0x0000000705a00000| Untracked 
|  30|0x0000000705c00000, 0x0000000705c00000, 0x0000000705e00000|  0%| F|  |TAMS 0x0000000705c00000, 0x0000000705c00000| Untracked 
|  31|0x0000000705e00000, 0x0000000705e00000, 0x0000000706000000|  0%| F|  |TAMS 0x0000000705e00000, 0x0000000705e00000| Untracked 
|  32|0x0000000706000000, 0x0000000706000000, 0x0000000706200000|  0%| F|  |TAMS 0x0000000706000000, 0x0000000706000000| Untracked 
|  33|0x0000000706200000, 0x0000000706200000, 0x0000000706400000|  0%| F|  |TAMS 0x0000000706200000, 0x0000000706200000| Untracked 
|  34|0x0000000706400000, 0x0000000706400000, 0x0000000706600000|  0%| F|  |TAMS 0x0000000706400000, 0x0000000706400000| Untracked 
|  35|0x0000000706600000, 0x0000000706600000, 0x0000000706800000|  0%| F|  |TAMS 0x0000000706600000, 0x0000000706600000| Untracked 
|  36|0x0000000706800000, 0x0000000706800000, 0x0000000706a00000|  0%| F|  |TAMS 0x0000000706800000, 0x0000000706800000| Untracked 
|  37|0x0000000706a00000, 0x0000000706a00000, 0x0000000706c00000|  0%| F|  |TAMS 0x0000000706a00000, 0x0000000706a00000| Untracked 
|  38|0x0000000706c00000, 0x0000000706c00000, 0x0000000706e00000|  0%| F|  |TAMS 0x0000000706c00000, 0x0000000706c00000| Untracked 
|  39|0x0000000706e00000, 0x0000000706e00000, 0x0000000707000000|  0%| F|  |TAMS 0x0000000706e00000, 0x0000000706e00000| Untracked 
|  40|0x0000000707000000, 0x0000000707000000, 0x0000000707200000|  0%| F|  |TAMS 0x0000000707000000, 0x0000000707000000| Untracked 
|  41|0x0000000707200000, 0x0000000707200000, 0x0000000707400000|  0%| F|  |TAMS 0x0000000707200000, 0x0000000707200000| Untracked 
|  42|0x0000000707400000, 0x0000000707400000, 0x0000000707600000|  0%| F|  |TAMS 0x0000000707400000, 0x0000000707400000| Untracked 
|  43|0x0000000707600000, 0x0000000707600000, 0x0000000707800000|  0%| F|  |TAMS 0x0000000707600000, 0x0000000707600000| Untracked 
|  44|0x0000000707800000, 0x0000000707800000, 0x0000000707a00000|  0%| F|  |TAMS 0x0000000707800000, 0x0000000707800000| Untracked 
|  45|0x0000000707a00000, 0x0000000707a00000, 0x0000000707c00000|  0%| F|  |TAMS 0x0000000707a00000, 0x0000000707a00000| Untracked 
|  46|0x0000000707c00000, 0x0000000707c00000, 0x0000000707e00000|  0%| F|  |TAMS 0x0000000707c00000, 0x0000000707c00000| Untracked 
|  47|0x0000000707e00000, 0x0000000707e00000, 0x0000000708000000|  0%| F|  |TAMS 0x0000000707e00000, 0x0000000707e00000| Untracked 
|  48|0x0000000708000000, 0x0000000708000000, 0x0000000708200000|  0%| F|  |TAMS 0x0000000708000000, 0x0000000708000000| Untracked 
|  49|0x0000000708200000, 0x0000000708200000, 0x0000000708400000|  0%| F|  |TAMS 0x0000000708200000, 0x0000000708200000| Untracked 
|  50|0x0000000708400000, 0x0000000708400000, 0x0000000708600000|  0%| F|  |TAMS 0x0000000708400000, 0x0000000708400000| Untracked 
|  51|0x0000000708600000, 0x0000000708600000, 0x0000000708800000|  0%| F|  |TAMS 0x0000000708600000, 0x0000000708600000| Untracked 
|  52|0x0000000708800000, 0x0000000708800000, 0x0000000708a00000|  0%| F|  |TAMS 0x0000000708800000, 0x0000000708800000| Untracked 
|  53|0x0000000708a00000, 0x0000000708a00000, 0x0000000708c00000|  0%| F|  |TAMS 0x0000000708a00000, 0x0000000708a00000| Untracked 
|  54|0x0000000708c00000, 0x0000000708c00000, 0x0000000708e00000|  0%| F|  |TAMS 0x0000000708c00000, 0x0000000708c00000| Untracked 
|  55|0x0000000708e00000, 0x0000000708e00000, 0x0000000709000000|  0%| F|  |TAMS 0x0000000708e00000, 0x0000000708e00000| Untracked 
|  56|0x0000000709000000, 0x0000000709000000, 0x0000000709200000|  0%| F|  |TAMS 0x0000000709000000, 0x0000000709000000| Untracked 
|  57|0x0000000709200000, 0x0000000709200000, 0x0000000709400000|  0%| F|  |TAMS 0x0000000709200000, 0x0000000709200000| Untracked 
|  58|0x0000000709400000, 0x0000000709400000, 0x0000000709600000|  0%| F|  |TAMS 0x0000000709400000, 0x0000000709400000| Untracked 
|  59|0x0000000709600000, 0x0000000709600000, 0x0000000709800000|  0%| F|  |TAMS 0x0000000709600000, 0x0000000709600000| Untracked 
|  60|0x0000000709800000, 0x0000000709800000, 0x0000000709a00000|  0%| F|  |TAMS 0x0000000709800000, 0x0000000709800000| Untracked 
|  61|0x0000000709a00000, 0x0000000709a00000, 0x0000000709c00000|  0%| F|  |TAMS 0x0000000709a00000, 0x0000000709a00000| Untracked 
|  62|0x0000000709c00000, 0x0000000709c00000, 0x0000000709e00000|  0%| F|  |TAMS 0x0000000709c00000, 0x0000000709c00000| Untracked 
|  63|0x0000000709e00000, 0x0000000709e00000, 0x000000070a000000|  0%| F|  |TAMS 0x0000000709e00000, 0x0000000709e00000| Untracked 
|  64|0x000000070a000000, 0x000000070a000000, 0x000000070a200000|  0%| F|  |TAMS 0x000000070a000000, 0x000000070a000000| Untracked 
|  65|0x000000070a200000, 0x000000070a200000, 0x000000070a400000|  0%| F|  |TAMS 0x000000070a200000, 0x000000070a200000| Untracked 
|  66|0x000000070a400000, 0x000000070a400000, 0x000000070a600000|  0%| F|  |TAMS 0x000000070a400000, 0x000000070a400000| Untracked 
|  67|0x000000070a600000, 0x000000070a600000, 0x000000070a800000|  0%| F|  |TAMS 0x000000070a600000, 0x000000070a600000| Untracked 
|  68|0x000000070a800000, 0x000000070a800000, 0x000000070aa00000|  0%| F|  |TAMS 0x000000070a800000, 0x000000070a800000| Untracked 
|  69|0x000000070aa00000, 0x000000070aa00000, 0x000000070ac00000|  0%| F|  |TAMS 0x000000070aa00000, 0x000000070aa00000| Untracked 
|  70|0x000000070ac00000, 0x000000070ac00000, 0x000000070ae00000|  0%| F|  |TAMS 0x000000070ac00000, 0x000000070ac00000| Untracked 
|  71|0x000000070ae00000, 0x000000070ae00000, 0x000000070b000000|  0%| F|  |TAMS 0x000000070ae00000, 0x000000070ae00000| Untracked 
|  72|0x000000070b000000, 0x000000070b000000, 0x000000070b200000|  0%| F|  |TAMS 0x000000070b000000, 0x000000070b000000| Untracked 
|  73|0x000000070b200000, 0x000000070b200000, 0x000000070b400000|  0%| F|  |TAMS 0x000000070b200000, 0x000000070b200000| Untracked 
|  74|0x000000070b400000, 0x000000070b400000, 0x000000070b600000|  0%| F|  |TAMS 0x000000070b400000, 0x000000070b400000| Untracked 
|  75|0x000000070b600000, 0x000000070b600000, 0x000000070b800000|  0%| F|  |TAMS 0x000000070b600000, 0x000000070b600000| Untracked 
|  76|0x000000070b800000, 0x000000070b800000, 0x000000070ba00000|  0%| F|  |TAMS 0x000000070b800000, 0x000000070b800000| Untracked 
|  77|0x000000070ba00000, 0x000000070ba00000, 0x000000070bc00000|  0%| F|  |TAMS 0x000000070ba00000, 0x000000070ba00000| Untracked 
|  78|0x000000070bc00000, 0x000000070bc00000, 0x000000070be00000|  0%| F|  |TAMS 0x000000070bc00000, 0x000000070bc00000| Untracked 
|  79|0x000000070be00000, 0x000000070be00000, 0x000000070c000000|  0%| F|  |TAMS 0x000000070be00000, 0x000000070be00000| Untracked 
|  80|0x000000070c000000, 0x000000070c000000, 0x000000070c200000|  0%| F|  |TAMS 0x000000070c000000, 0x000000070c000000| Untracked 
|  81|0x000000070c200000, 0x000000070c200000, 0x000000070c400000|  0%| F|  |TAMS 0x000000070c200000, 0x000000070c200000| Untracked 
|  82|0x000000070c400000, 0x000000070c400000, 0x000000070c600000|  0%| F|  |TAMS 0x000000070c400000, 0x000000070c400000| Untracked 
|  83|0x000000070c600000, 0x000000070c600000, 0x000000070c800000|  0%| F|  |TAMS 0x000000070c600000, 0x000000070c600000| Untracked 
|  84|0x000000070c800000, 0x000000070c800000, 0x000000070ca00000|  0%| F|  |TAMS 0x000000070c800000, 0x000000070c800000| Untracked 
|  85|0x000000070ca00000, 0x000000070ca00000, 0x000000070cc00000|  0%| F|  |TAMS 0x000000070ca00000, 0x000000070ca00000| Untracked 
|  86|0x000000070cc00000, 0x000000070cc00000, 0x000000070ce00000|  0%| F|  |TAMS 0x000000070cc00000, 0x000000070cc00000| Untracked 
|  87|0x000000070ce00000, 0x000000070ce00000, 0x000000070d000000|  0%| F|  |TAMS 0x000000070ce00000, 0x000000070ce00000| Untracked 
|  88|0x000000070d000000, 0x000000070d000000, 0x000000070d200000|  0%| F|  |TAMS 0x000000070d000000, 0x000000070d000000| Untracked 
|  89|0x000000070d200000, 0x000000070d200000, 0x000000070d400000|  0%| F|  |TAMS 0x000000070d200000, 0x000000070d200000| Untracked 
|  90|0x000000070d400000, 0x000000070d400000, 0x000000070d600000|  0%| F|  |TAMS 0x000000070d400000, 0x000000070d400000| Untracked 
|  91|0x000000070d600000, 0x000000070d600000, 0x000000070d800000|  0%| F|  |TAMS 0x000000070d600000, 0x000000070d600000| Untracked 
|  92|0x000000070d800000, 0x000000070d800000, 0x000000070da00000|  0%| F|  |TAMS 0x000000070d800000, 0x000000070d800000| Untracked 
|  93|0x000000070da00000, 0x000000070da00000, 0x000000070dc00000|  0%| F|  |TAMS 0x000000070da00000, 0x000000070da00000| Untracked 
|  94|0x000000070dc00000, 0x000000070dc00000, 0x000000070de00000|  0%| F|  |TAMS 0x000000070dc00000, 0x000000070dc00000| Untracked 
|  95|0x000000070de00000, 0x000000070de00000, 0x000000070e000000|  0%| F|  |TAMS 0x000000070de00000, 0x000000070de00000| Untracked 
|  96|0x000000070e000000, 0x000000070e000000, 0x000000070e200000|  0%| F|  |TAMS 0x000000070e000000, 0x000000070e000000| Untracked 
|  97|0x000000070e200000, 0x000000070e200000, 0x000000070e400000|  0%| F|  |TAMS 0x000000070e200000, 0x000000070e200000| Untracked 
|  98|0x000000070e400000, 0x000000070e400000, 0x000000070e600000|  0%| F|  |TAMS 0x000000070e400000, 0x000000070e400000| Untracked 
|  99|0x000000070e600000, 0x000000070e600000, 0x000000070e800000|  0%| F|  |TAMS 0x000000070e600000, 0x000000070e600000| Untracked 
| 100|0x000000070e800000, 0x000000070e800000, 0x000000070ea00000|  0%| F|  |TAMS 0x000000070e800000, 0x000000070e800000| Untracked 
| 101|0x000000070ea00000, 0x000000070ea00000, 0x000000070ec00000|  0%| F|  |TAMS 0x000000070ea00000, 0x000000070ea00000| Untracked 
| 102|0x000000070ec00000, 0x000000070ec00000, 0x000000070ee00000|  0%| F|  |TAMS 0x000000070ec00000, 0x000000070ec00000| Untracked 
| 103|0x000000070ee00000, 0x000000070ee00000, 0x000000070f000000|  0%| F|  |TAMS 0x000000070ee00000, 0x000000070ee00000| Untracked 
| 104|0x000000070f000000, 0x000000070f000000, 0x000000070f200000|  0%| F|  |TAMS 0x000000070f000000, 0x000000070f000000| Untracked 
| 105|0x000000070f200000, 0x000000070f200000, 0x000000070f400000|  0%| F|  |TAMS 0x000000070f200000, 0x000000070f200000| Untracked 
| 106|0x000000070f400000, 0x000000070f400000, 0x000000070f600000|  0%| F|  |TAMS 0x000000070f400000, 0x000000070f400000| Untracked 
| 107|0x000000070f600000, 0x000000070f600000, 0x000000070f800000|  0%| F|  |TAMS 0x000000070f600000, 0x000000070f600000| Untracked 
| 108|0x000000070f800000, 0x000000070f800000, 0x000000070fa00000|  0%| F|  |TAMS 0x000000070f800000, 0x000000070f800000| Untracked 
| 109|0x000000070fa00000, 0x000000070fa00000, 0x000000070fc00000|  0%| F|  |TAMS 0x000000070fa00000, 0x000000070fa00000| Untracked 
| 110|0x000000070fc00000, 0x000000070fc00000, 0x000000070fe00000|  0%| F|  |TAMS 0x000000070fc00000, 0x000000070fc00000| Untracked 
| 111|0x000000070fe00000, 0x000000070fe00000, 0x0000000710000000|  0%| F|  |TAMS 0x000000070fe00000, 0x000000070fe00000| Untracked 
| 112|0x0000000710000000, 0x0000000710000000, 0x0000000710200000|  0%| F|  |TAMS 0x0000000710000000, 0x0000000710000000| Untracked 
| 113|0x0000000710200000, 0x0000000710200000, 0x0000000710400000|  0%| F|  |TAMS 0x0000000710200000, 0x0000000710200000| Untracked 
| 114|0x0000000710400000, 0x0000000710400000, 0x0000000710600000|  0%| F|  |TAMS 0x0000000710400000, 0x0000000710400000| Untracked 
| 115|0x0000000710600000, 0x0000000710600000, 0x0000000710800000|  0%| F|  |TAMS 0x0000000710600000, 0x0000000710600000| Untracked 
| 116|0x0000000710800000, 0x00000007108eda18, 0x0000000710a00000| 46%| E|  |TAMS 0x0000000710800000, 0x0000000710800000| Complete 
| 117|0x0000000710a00000, 0x0000000710c00000, 0x0000000710c00000|100%| E|CS|TAMS 0x0000000710a00000, 0x0000000710a00000| Complete 
| 118|0x0000000710c00000, 0x0000000710e00000, 0x0000000710e00000|100%| E|CS|TAMS 0x0000000710c00000, 0x0000000710c00000| Complete 
| 119|0x0000000710e00000, 0x0000000711000000, 0x0000000711000000|100%| E|CS|TAMS 0x0000000710e00000, 0x0000000710e00000| Complete 
| 120|0x0000000711000000, 0x0000000711200000, 0x0000000711200000|100%| E|CS|TAMS 0x0000000711000000, 0x0000000711000000| Complete 
| 121|0x0000000711200000, 0x0000000711400000, 0x0000000711400000|100%| E|CS|TAMS 0x0000000711200000, 0x0000000711200000| Complete 
| 122|0x0000000711400000, 0x0000000711600000, 0x0000000711600000|100%| E|CS|TAMS 0x0000000711400000, 0x0000000711400000| Complete 
| 123|0x0000000711600000, 0x0000000711800000, 0x0000000711800000|100%| E|CS|TAMS 0x0000000711600000, 0x0000000711600000| Complete 
| 124|0x0000000711800000, 0x0000000711a00000, 0x0000000711a00000|100%| E|CS|TAMS 0x0000000711800000, 0x0000000711800000| Complete 
| 125|0x0000000711a00000, 0x0000000711c00000, 0x0000000711c00000|100%| E|CS|TAMS 0x0000000711a00000, 0x0000000711a00000| Complete 
| 126|0x0000000711c00000, 0x0000000711e00000, 0x0000000711e00000|100%| E|CS|TAMS 0x0000000711c00000, 0x0000000711c00000| Complete 

Card table byte_map: [0x000001f1bfe10000,0x000001f1c0600000] _byte_map_base: 0x000001f1bc600000

Marking Bits (Prev, Next): (CMBitMap*) 0x000001f1a7c16940, (CMBitMap*) 0x000001f1a7c16980
 Prev Bits: [0x000001f1c0df0000, 0x000001f1c4d70000)
 Next Bits: [0x000001f1c4d70000, 0x000001f1c8cf0000)

Polling page: 0x000001f1a59d0000

Metaspace:

Usage:
  Non-class:      6.12 MB capacity,     4.21 MB ( 69%) used,     1.89 MB ( 31%) free+waste,     8.13 KB ( <1%) overhead. 
      Class:    792.00 KB capacity,   606.75 KB ( 77%) used,   181.31 KB ( 23%) free+waste,     3.94 KB ( <1%) overhead. 
       Both:      6.89 MB capacity,     4.81 MB ( 70%) used,     2.07 MB ( 30%) free+waste,    12.06 KB ( <1%) overhead. 

Virtual space:
  Non-class space:        8.00 MB reserved,       6.25 MB ( 78%) committed 
      Class space:        1.00 GB reserved,     896.00 KB ( <1%) committed 
             Both:        1.01 GB reserved,       7.13 MB ( <1%) committed 

Chunk freelists:
   Non-Class:  10.00 KB
       Class:  8.00 KB
        Both:  18.00 KB

MaxMetaspaceSize: 17179869184.00 GB
CompressedClassSpaceSize: 1.00 GB

CodeHeap 'non-profiled nmethods': size=120000Kb used=401Kb max_used=401Kb free=119599Kb
 bounds [0x000001f1b7b90000, 0x000001f1b7e00000, 0x000001f1bf0c0000]
CodeHeap 'profiled nmethods': size=120000Kb used=1869Kb max_used=1869Kb free=118130Kb
 bounds [0x000001f1b0660000, 0x000001f1b08d0000, 0x000001f1b7b90000]
CodeHeap 'non-nmethods': size=5760Kb used=1242Kb max_used=1258Kb free=4517Kb
 bounds [0x000001f1b00c0000, 0x000001f1b0330000, 0x000001f1b0660000]
 total_blobs=1474 nmethods=1065 adapters=322
 compilation: enabled
              stopped_count=0, restarted_count=0
 full_count=0

Compilation events (20 events):
Event: 18.219 Thread 0x000001f1cb95f760 1042       4       org.jetbrains.capture.org.objectweb.asm.ClassReader::readUnsignedShort (26 bytes)
Event: 18.220 Thread 0x000001f1cb95f760 nmethod 1042 0x000001f1b7bf1690 code [0x000001f1b7bf1820, 0x000001f1b7bf1918]
Event: 18.224 Thread 0x000001f1cb965720 1044       3       org.jetbrains.capture.org.objectweb.asm.Item::isEqualTo (354 bytes)
Event: 18.225 Thread 0x000001f1cb965720 nmethod 1044 0x000001f1b082df10 code [0x000001f1b082e180, 0x000001f1b082eca8]
Event: 18.225 Thread 0x000001f1cb965720 1045       3       org.jetbrains.capture.org.objectweb.asm.ClassWriter::get (49 bytes)
Event: 18.225 Thread 0x000001f1cb965720 nmethod 1045 0x000001f1b082f010 code [0x000001f1b082f1c0, 0x000001f1b082f4a8]
Event: 18.226 Thread 0x000001f1cb965720 1048       3       java.lang.StringBuilder::append (10 bytes)
Event: 18.226 Thread 0x000001f1cb965720 nmethod 1048 0x000001f1b082f610 code [0x000001f1b082f7c0, 0x000001f1b082f928]
Event: 18.226 Thread 0x000001f1cb965720 1049       3       java.lang.AbstractStringBuilder::append (63 bytes)
Event: 18.226 Thread 0x000001f1cb965720 nmethod 1049 0x000001f1b082fa10 code [0x000001f1b082fc00, 0x000001f1b08301a8]
Event: 18.226 Thread 0x000001f1cb965720 1050       3       java.lang.AbstractStringBuilder::appendChars (207 bytes)
Event: 18.226 Thread 0x000001f1cb965720 nmethod 1050 0x000001f1b0830310 code [0x000001f1b08305c0, 0x000001f1b0831568]
Event: 18.231 Thread 0x000001f1cb965720 1051       3       java.util.ArrayList$Itr::next (66 bytes)
Event: 18.231 Thread 0x000001f1cb965720 nmethod 1051 0x000001f1b0831b10 code [0x000001f1b0831d20, 0x000001f1b0832128]
Event: 18.231 Thread 0x000001f1cb965720 1052       3       org.jetbrains.capture.org.objectweb.asm.ClassReader::readInt (52 bytes)
Event: 18.231 Thread 0x000001f1cb965720 nmethod 1052 0x000001f1b0832390 code [0x000001f1b0832520, 0x000001f1b08326f8]
Event: 18.233 Thread 0x000001f1cb965720 1055       3       org.jetbrains.capture.org.objectweb.asm.ClassWriter::newUTF8 (70 bytes)
Event: 18.233 Thread 0x000001f1cb965720 nmethod 1055 0x000001f1b0832810 code [0x000001f1b0832a00, 0x000001f1b0832db8]
Event: 30.254 Thread 0x000001f1cb965720 1065       3       java.lang.Integer::valueOf (32 bytes)
Event: 30.254 Thread 0x000001f1cb965720 nmethod 1065 0x000001f1b0832f90 code [0x000001f1b0833140, 0x000001f1b0833458]

GC Heap History (0 events):
No events

Deoptimization events (20 events):
Event: 0.368 Thread 0x000001f1a7bc38b0 DEOPT PACKING pc=0x000001f1b07d5b64 sp=0x000000c9d8cfdff0
Event: 0.368 Thread 0x000001f1a7bc38b0 DEOPT UNPACKING pc=0x000001f1b010e23f sp=0x000000c9d8cfd4a8 mode 1
Event: 0.409 Thread 0x000001f1a7bc38b0 Uncommon trap: trap_request=0xffffffde fr.pc=0x000001f1b7be03c8 relative=0x0000000000000128
Event: 0.409 Thread 0x000001f1a7bc38b0 Uncommon trap: reason=class_check action=maybe_recompile pc=0x000001f1b7be03c8 method=jdk.internal.misc.Unsafe.allocateUninitializedArray(Ljava/lang/Class;I)Ljava/lang/Object; @ 51 c2
Event: 0.409 Thread 0x000001f1a7bc38b0 DEOPT PACKING pc=0x000001f1b7be03c8 sp=0x000000c9d8cfc240
Event: 0.409 Thread 0x000001f1a7bc38b0 DEOPT UNPACKING pc=0x000001f1b010e42f sp=0x000000c9d8cfc1c8 mode 2
Event: 0.409 Thread 0x000001f1a7bc38b0 Uncommon trap: trap_request=0xffffffde fr.pc=0x000001f1b7be03c8 relative=0x0000000000000128
Event: 0.409 Thread 0x000001f1a7bc38b0 Uncommon trap: reason=class_check action=maybe_recompile pc=0x000001f1b7be03c8 method=jdk.internal.misc.Unsafe.allocateUninitializedArray(Ljava/lang/Class;I)Ljava/lang/Object; @ 51 c2
Event: 0.409 Thread 0x000001f1a7bc38b0 DEOPT PACKING pc=0x000001f1b7be03c8 sp=0x000000c9d8cfc2f0
Event: 0.409 Thread 0x000001f1a7bc38b0 DEOPT UNPACKING pc=0x000001f1b010e42f sp=0x000000c9d8cfc278 mode 2
Event: 0.409 Thread 0x000001f1a7bc38b0 Uncommon trap: trap_request=0xffffffde fr.pc=0x000001f1b7be03c8 relative=0x0000000000000128
Event: 0.409 Thread 0x000001f1a7bc38b0 Uncommon trap: reason=class_check action=maybe_recompile pc=0x000001f1b7be03c8 method=jdk.internal.misc.Unsafe.allocateUninitializedArray(Ljava/lang/Class;I)Ljava/lang/Object; @ 51 c2
Event: 0.409 Thread 0x000001f1a7bc38b0 DEOPT PACKING pc=0x000001f1b7be03c8 sp=0x000000c9d8cfc950
Event: 0.409 Thread 0x000001f1a7bc38b0 DEOPT UNPACKING pc=0x000001f1b010e42f sp=0x000000c9d8cfc8d8 mode 2
Event: 0.409 Thread 0x000001f1a7bc38b0 Uncommon trap: trap_request=0xffffffde fr.pc=0x000001f1b7be03c8 relative=0x0000000000000128
Event: 0.409 Thread 0x000001f1a7bc38b0 Uncommon trap: reason=class_check action=maybe_recompile pc=0x000001f1b7be03c8 method=jdk.internal.misc.Unsafe.allocateUninitializedArray(Ljava/lang/Class;I)Ljava/lang/Object; @ 51 c2
Event: 0.409 Thread 0x000001f1a7bc38b0 DEOPT PACKING pc=0x000001f1b7be03c8 sp=0x000000c9d8cfc720
Event: 0.409 Thread 0x000001f1a7bc38b0 DEOPT UNPACKING pc=0x000001f1b010e42f sp=0x000000c9d8cfc6a8 mode 2
Event: 0.421 Thread 0x000001f1a7bc38b0 DEOPT PACKING pc=0x000001f1b06dde73 sp=0x000000c9d8cfc1f0
Event: 0.421 Thread 0x000001f1a7bc38b0 DEOPT UNPACKING pc=0x000001f1b010e23f sp=0x000000c9d8cfb718 mode 0

Classes unloaded (0 events):
No events

Classes redefined (4 events):
Event: 618.594 Thread 0x000001f1cb938860 redefined class name=comp1110.ass2.IsSharedStateWellFormedTest, count=1
Event: 618.594 Thread 0x000001f1cb938860 redefined class name=comp1110.ass2.Azul, count=1
Event: 779.440 Thread 0x000001f1cb938860 redefined class name=comp1110.ass2.Azul, count=2
Event: 1424.544 Thread 0x000001f1cb938860 redefined class name=comp1110.ass2.Azul, count=3

Internal exceptions (20 events):
Event: 0.303 Thread 0x000001f1a7bc38b0 Exception <a 'java/lang/NoSuchMethodError'{0x000000071107a830}: 'java.lang.Object java.lang.invoke.DirectMethodHandle$Holder.invokeSpecialIFC(java.lang.Object, java.lang.Object, java.lang.Object, java.lang.Object)'> (0x000000071107a830) 
thrown [./src/hotspot/share/interpreter/linkResolver.cpp, line 782]
Event: 0.311 Thread 0x000001f1a7bc38b0 Exception <a 'java/lang/NoSuchMethodError'{0x00000007110eb050}: 'void java.lang.invoke.DirectMethodHandle$Holder.invokeInterface(java.lang.Object, java.lang.Object, java.lang.Object)'> (0x00000007110eb050) 
thrown [./src/hotspot/share/interpreter/linkResolver.cpp, line 782]
Event: 0.318 Thread 0x000001f1a7bc38b0 Exception <a 'java/lang/NoSuchMethodError'{0x0000000711135460}: 'java.lang.Object java.lang.invoke.DirectMethodHandle$Holder.newInvokeSpecial(java.lang.Object, java.lang.Object, java.lang.Object, java.lang.Object, java.lang.Object, java.lang.Object)'> (0x0000000711135460) 
thrown [./src/hotspot/share/interpreter/linkResolver.cpp, line 782]
Event: 0.323 Thread 0x000001f1a7bc38b0 Exception <a 'java/lang/NoSuchMethodError'{0x0000000711187168}: 'void java.lang.invoke.DirectMethodHandle$Holder.invokeInterface(java.lang.Object, java.lang.Object, java.lang.Object, java.lang.Object, java.lang.Object)'> (0x0000000711187168) 
thrown [./src/hotspot/share/interpreter/linkResolver.cpp, line 782]
Event: 0.324 Thread 0x000001f1a7bc38b0 Exception <a 'java/lang/IncompatibleClassChangeError'{0x000000071118b038}: Found class java.lang.Object, but interface was expected> (0x000000071118b038) 
thrown [./src/hotspot/share/interpreter/linkResolver.cpp, line 848]
Event: 0.328 Thread 0x000001f1a7bc38b0 Exception <a 'java/lang/IncompatibleClassChangeError'{0x00000007111bfce0}: Found class java.lang.Object, but interface was expected> (0x00000007111bfce0) 
thrown [./src/hotspot/share/interpreter/linkResolver.cpp, line 848]
Event: 0.330 Thread 0x000001f1a7bc38b0 Exception <a 'java/lang/NoSuchMethodError'{0x00000007111e5fc8}: 'void java.lang.invoke.DirectMethodHandle$Holder.invokeSpecial(java.lang.Object, java.lang.Object, java.lang.Object, java.lang.Object, java.lang.Object)'> (0x00000007111e5fc8) 
thrown [./src/hotspot/share/interpreter/linkResolver.cpp, line 782]
Event: 0.339 Thread 0x000001f1a7bc38b0 Exception <a 'java/lang/NoSuchMethodError'{0x0000000710e72828}: 'void java.lang.invoke.DirectMethodHandle$Holder.invokeInterface(java.lang.Object, java.lang.Object, java.lang.Object, java.lang.Object)'> (0x0000000710e72828) 
thrown [./src/hotspot/share/interpreter/linkResolver.cpp, line 782]
Event: 0.339 Thread 0x000001f1a7bc38b0 Exception <a 'java/lang/IncompatibleClassChangeError'{0x0000000710e76350}: Found class java.lang.Object, but interface was expected> (0x0000000710e76350) 
thrown [./src/hotspot/share/interpreter/linkResolver.cpp, line 848]
Event: 0.341 Thread 0x000001f1a7bc38b0 Exception <a 'java/lang/NoSuchMethodError'{0x0000000710e90340}: 'void java.lang.invoke.DirectMethodHandle$Holder.invokeStatic(java.lang.Object, java.lang.Object, java.lang.Object, java.lang.Object)'> (0x0000000710e90340) 
thrown [./src/hotspot/share/interpreter/linkResolver.cpp, line 782]
Event: 0.343 Thread 0x000001f1a7bc38b0 Exception <a 'java/lang/NoSuchMethodError'{0x0000000710ea40a0}: 'java.lang.Object java.lang.invoke.DirectMethodHandle$Holder.invokeVirtual(java.lang.Object, java.lang.Object, java.lang.Object)'> (0x0000000710ea40a0) 
thrown [./src/hotspot/share/interpreter/linkResolver.cpp, line 782]
Event: 0.357 Thread 0x000001f1a7bc38b0 Exception <a 'java/lang/NoSuchMethodError'{0x0000000710f4b9c8}: 'int java.lang.invoke.DirectMethodHandle$Holder.invokeStatic(java.lang.Object, java.lang.Object, java.lang.Object, java.lang.Object)'> (0x0000000710f4b9c8) 
thrown [./src/hotspot/share/interpreter/linkResolver.cpp, line 782]
Event: 0.357 Thread 0x000001f1a7bc38b0 Exception <a 'java/lang/NoSuchMethodError'{0x0000000710f4f520}: 'java.lang.Object java.lang.invoke.Invokers$Holder.invokeExact_MT(java.lang.Object, java.lang.Object, java.lang.Object, java.lang.Object, java.lang.Object, java.lang.Object)'> (0x0000000710f4f520) 
thrown [./src/hotspot/share/interpreter/linkResolver.cpp, line 782]
Event: 0.359 Thread 0x000001f1a7bc38b0 Exception <a 'java/lang/NoSuchMethodError'{0x0000000710f60430}: 'int java.lang.invoke.DirectMethodHandle$Holder.invokeStatic(java.lang.Object, java.lang.Object, java.lang.Object, java.lang.Object, java.lang.Object)'> (0x0000000710f60430) 
thrown [./src/hotspot/share/interpreter/linkResolver.cpp, line 782]
Event: 0.382 Thread 0x000001f1a7bc38b0 Exception <a 'java/lang/NoSuchMethodError'{0x0000000710ca6500}: 'int java.lang.invoke.DirectMethodHandle$Holder.invokeStaticInit(java.lang.Object, java.lang.Object, java.lang.Object)'> (0x0000000710ca6500) 
thrown [./src/hotspot/share/interpreter/linkResolver.cpp, line 782]
Event: 0.399 Thread 0x000001f1a7bc38b0 Exception <a 'java/lang/NoSuchMethodError'{0x0000000710d69188}: 'java.lang.Object java.lang.invoke.DirectMethodHandle$Holder.newInvokeSpecial(java.lang.Object, long)'> (0x0000000710d69188) 
thrown [./src/hotspot/share/interpreter/linkResolver.cpp, line 782]
Event: 0.402 Thread 0x000001f1a7bc38b0 Exception <a 'java/lang/NoSuchMethodError'{0x0000000710d94fb8}: 'java.lang.Object java.lang.invoke.DirectMethodHandle$Holder.newInvokeSpecial(java.lang.Object, java.lang.Object, java.lang.Object, java.lang.Object, java.lang.Object, java.lang.Object, java.lang.Object)'> (0x0000000710d94fb8) 
thrown [./src/hotspot/share/interpreter/linkResolver.cpp, line 782]
Event: 0.402 Thread 0x000001f1a7bc38b0 Exception <a 'java/lang/NoSuchMethodError'{0x0000000710d99d70}: 'java.lang.Object java.lang.invoke.Invokers$Holder.linkToTargetMethod(java.lang.Object, java.lang.Object, java.lang.Object, java.lang.Object, java.lang.Object, java.lang.Object, java.lang.Object)'> (0x0000000710d99d70) 
thrown [./src/hotspot/share/interpreter/linkResolver.cpp, line 782]
Event: 0.403 Thread 0x000001f1a7bc38b0 Exception <a 'java/lang/NoSuchMethodError'{0x0000000710da5988}: 'java.lang.Object java.lang.invoke.DirectMethodHandle$Holder.invokeInterface(java.lang.Object, java.lang.Object, java.lang.Object, java.lang.Object, java.lang.Object)'> (0x0000000710da5988) 
thrown [./src/hotspot/share/interpreter/linkResolver.cpp, line 782]
Event: 0.404 Thread 0x000001f1a7bc38b0 Exception <a 'java/lang/IncompatibleClassChangeError'{0x0000000710da9980}: Found class java.lang.Object, but interface was expected> (0x0000000710da9980) 
thrown [./src/hotspot/share/interpreter/linkResolver.cpp, line 848]

Events (20 events):
Event: 1424.661 Executing VM operation: GetFrameCount
Event: 1424.661 Executing VM operation: GetFrameCount done
Event: 1424.661 Executing VM operation: GetStackTrace
Event: 1424.661 Executing VM operation: GetStackTrace done
Event: 1430.396 Executing VM operation: ChangeBreakpoints
Event: 1430.396 Executing VM operation: ChangeBreakpoints done
Event: 1430.396 Thread 0x000001f1cc35d4d0 Thread exited: 0x000001f1cc35d4d0
Event: 1430.396 Executing VM operation: ThreadsSuspendJVMTI
Event: 1430.396 Executing VM operation: ThreadsSuspendJVMTI done
Event: 1430.396 Executing VM operation: ChangeBreakpoints
Event: 1430.396 Executing VM operation: ChangeBreakpoints done
Event: 1430.396 Executing VM operation: ChangeBreakpoints
Event: 1430.396 Executing VM operation: ChangeBreakpoints done
Event: 1430.396 Executing VM operation: ChangeBreakpoints
Event: 1430.396 Executing VM operation: ChangeBreakpoints done
Event: 1430.396 Executing VM operation: ChangeBreakpoints
Event: 1430.396 Executing VM operation: ChangeBreakpoints done
Event: 1430.396 Executing VM operation: ChangeBreakpoints
Event: 1430.396 Executing VM operation: ChangeBreakpoints done
Event: 1430.397 Thread 0x000001f1cc392ff0 Thread exited: 0x000001f1cc392ff0


Dynamic libraries:
0x00007ff7e1fb0000 - 0x00007ff7e1fbd000 	C:\Program Files\AdoptOpenJDK\jdk-15.0.2.7-hotspot\bin\java.exe
0x00007ffe10000000 - 0x00007ffe101f0000 	C:\Windows\SYSTEM32\ntdll.dll
0x00007ffe0e580000 - 0x00007ffe0e632000 	C:\Windows\System32\KERNEL32.DLL
0x00007ffe0dbb0000 - 0x00007ffe0de55000 	C:\Windows\System32\KERNELBASE.dll
0x00007ffe0df60000 - 0x00007ffe0e05a000 	C:\Windows\System32\ucrtbase.dll
0x00007ffe07c70000 - 0x00007ffe07c88000 	C:\Program Files\AdoptOpenJDK\jdk-15.0.2.7-hotspot\bin\jli.dll
0x00007ffe07c50000 - 0x00007ffe07c65000 	C:\Program Files\AdoptOpenJDK\jdk-15.0.2.7-hotspot\bin\VCRUNTIME140.dll
0x00007ffe0f6d0000 - 0x00007ffe0f864000 	C:\Windows\System32\USER32.dll
0x00007ffe0d070000 - 0x00007ffe0d091000 	C:\Windows\System32\win32u.dll
0x00007ffe0ff90000 - 0x00007ffe0ffb6000 	C:\Windows\System32\GDI32.dll
0x00007ffe0da10000 - 0x00007ffe0dba8000 	C:\Windows\System32\gdi32full.dll
0x00007ffe0cf70000 - 0x00007ffe0d00e000 	C:\Windows\System32\msvcp_win.dll
0x00007ffdfcfd0000 - 0x00007ffdfd254000 	C:\Windows\WinSxS\amd64_microsoft.windows.common-controls_6595b64144ccf1df_6.0.18362.1440_none_9e7dbfb9e45e8e67\COMCTL32.dll
0x00007ffe0e760000 - 0x00007ffe0e7fe000 	C:\Windows\System32\msvcrt.dll
0x00007ffe0fc50000 - 0x00007ffe0ff86000 	C:\Windows\System32\combase.dll
0x00007ffe0fb30000 - 0x00007ffe0fc4f000 	C:\Windows\System32\RPCRT4.dll
0x00007ffe0d0a0000 - 0x00007ffe0d121000 	C:\Windows\System32\bcryptPrimitives.dll
0x00007ffe0eb00000 - 0x00007ffe0eb2e000 	C:\Windows\System32\IMM32.DLL
0x00007ffdf7750000 - 0x00007ffdf77eb000 	C:\Program Files\AdoptOpenJDK\jdk-15.0.2.7-hotspot\bin\msvcp140.dll
0x00007ffdd9d80000 - 0x00007ffdda90f000 	C:\Program Files\AdoptOpenJDK\jdk-15.0.2.7-hotspot\bin\server\jvm.dll
0x00007ffe0eb30000 - 0x00007ffe0ebd3000 	C:\Windows\System32\ADVAPI32.dll
0x00007ffe0f630000 - 0x00007ffe0f6c7000 	C:\Windows\System32\sechost.dll
0x00007ffe0e8d0000 - 0x00007ffe0e8d8000 	C:\Windows\System32\PSAPI.DLL
0x00007ffdfa610000 - 0x00007ffdfa619000 	C:\Windows\SYSTEM32\WSOCK32.dll
0x00007ffe02e40000 - 0x00007ffe02e64000 	C:\Windows\SYSTEM32\WINMM.dll
0x00007ffe0e8e0000 - 0x00007ffe0e94f000 	C:\Windows\System32\WS2_32.dll
0x00007ffe076a0000 - 0x00007ffe076aa000 	C:\Windows\SYSTEM32\VERSION.dll
0x00007ffe02bf0000 - 0x00007ffe02c1d000 	C:\Windows\SYSTEM32\winmmbase.dll
0x00007ffe0df10000 - 0x00007ffe0df5a000 	C:\Windows\System32\cfgmgr32.dll
0x00007ffe0cf10000 - 0x00007ffe0cf21000 	C:\Windows\System32\kernel.appcore.dll
0x00007ffe087c0000 - 0x00007ffe087ca000 	C:\Program Files\AdoptOpenJDK\jdk-15.0.2.7-hotspot\bin\jimage.dll
0x00007ffe0b7a0000 - 0x00007ffe0b994000 	C:\Windows\SYSTEM32\DBGHELP.DLL
0x00007ffe05820000 - 0x00007ffe0584a000 	C:\Windows\SYSTEM32\dbgcore.DLL
0x00007ffe04540000 - 0x00007ffe04578000 	C:\Program Files\AdoptOpenJDK\jdk-15.0.2.7-hotspot\bin\jdwp.dll
0x00007ffe08780000 - 0x00007ffe0878e000 	C:\Program Files\AdoptOpenJDK\jdk-15.0.2.7-hotspot\bin\instrument.dll
0x00007ffe04c60000 - 0x00007ffe04c85000 	C:\Program Files\AdoptOpenJDK\jdk-15.0.2.7-hotspot\bin\java.dll
0x00007ffe0ed30000 - 0x00007ffe0f418000 	C:\Windows\System32\SHELL32.dll
0x00007ffe0e6a0000 - 0x00007ffe0e747000 	C:\Windows\System32\shcore.dll
0x00007ffe0d130000 - 0x00007ffe0d8ab000 	C:\Windows\System32\windows.storage.dll
0x00007ffe0cf30000 - 0x00007ffe0cf4e000 	C:\Windows\System32\profapi.dll
0x00007ffe0cec0000 - 0x00007ffe0cf0a000 	C:\Windows\System32\powrprof.dll
0x00007ffe0ceb0000 - 0x00007ffe0cec0000 	C:\Windows\System32\UMPDC.dll
0x00007ffe0f870000 - 0x00007ffe0f8c2000 	C:\Windows\System32\shlwapi.dll
0x00007ffe0e090000 - 0x00007ffe0e0a7000 	C:\Windows\System32\cryptsp.dll
0x00007ffe052e0000 - 0x00007ffe052ea000 	C:\Program Files\AdoptOpenJDK\jdk-15.0.2.7-hotspot\bin\dt_socket.dll
0x00007ffe0c400000 - 0x00007ffe0c43a000 	C:\Windows\SYSTEM32\IPHLPAPI.DLL
0x00007ffe0c6f0000 - 0x00007ffe0c757000 	C:\Windows\system32\mswsock.dll
0x00007ffe04c00000 - 0x00007ffe04c18000 	C:\Program Files\AdoptOpenJDK\jdk-15.0.2.7-hotspot\bin\zip.dll
0x00007ffe05980000 - 0x00007ffe05999000 	C:\Program Files\AdoptOpenJDK\jdk-15.0.2.7-hotspot\bin\net.dll
0x00007ffe051e0000 - 0x00007ffe052da000 	C:\Windows\SYSTEM32\WINHTTP.dll
0x00007ffe04ea0000 - 0x00007ffe04eb2000 	C:\Program Files\AdoptOpenJDK\jdk-15.0.2.7-hotspot\bin\nio.dll
0x00007ffe070b0000 - 0x00007ffe070c0000 	C:\Program Files\AdoptOpenJDK\jdk-15.0.2.7-hotspot\bin\verify.dll

dbghelp: loaded successfully - version: 4.0.5 - missing functions: none
symbol engine: initialized successfully - sym options: 0x614 - pdb path: .;C:\Program Files\AdoptOpenJDK\jdk-15.0.2.7-hotspot\bin;C:\Windows\SYSTEM32;C:\Windows\WinSxS\amd64_microsoft.windows.common-controls_6595b64144ccf1df_6.0.18362.1440_none_9e7dbfb9e45e8e67;C:\Program Files\AdoptOpenJDK\jdk-15.0.2.7-hotspot\bin\server

VM Arguments:
jvm_args: -agentlib:jdwp=transport=dt_socket,address=127.0.0.1:51429,suspend=y,server=n -ea -Djava.library.path=D:\Java\javaFX\javafx-sdk-15.0.1\lib -Didea.test.cyclic.buffer.size=1048576 -javaagent:C:\Users\17974\AppData\Local\JetBrains\IdeaIC2020.3\captureAgent\debugger-agent.jar -Dfile.encoding=UTF-8 
java_command: com.intellij.rt.junit.JUnitStarter -ideVersion5 -junit5 comp1110.ass2.IsSharedStateWellFormedTest
java_class_path (initial): D:\Java\IntelliJ\IntelliJ IDEA Community Edition 2020.3.2\lib\idea_rt.jar;C:\Users\17974\.m2\repository\org\junit\platform\junit-platform-launcher\1.7.0\junit-platform-launcher-1.7.0.jar;D:\Java\IntelliJ\IntelliJ IDEA Community Edition 2020.3.2\plugins\junit\lib\junit5-rt.jar;D:\Java\IntelliJ\IntelliJ IDEA Community Edition 2020.3.2\plugins\junit\lib\junit-rt.jar;C:\Users\17974\comp1110-ass2-tue12k\out\test\comp1110-ass2;C:\Users\17974\comp1110-ass2-tue12k\out\production\comp1110-ass2;D:\Java\javaFX\javafx-sdk-15.0.1\lib\src.zip;D:\Java\javaFX\javafx-sdk-15.0.1\lib\javafx-swt.jar;D:\Java\javaFX\javafx-sdk-15.0.1\lib\javafx.web.jar;D:\Java\javaFX\javafx-sdk-15.0.1\lib\javafx.base.jar;D:\Java\javaFX\javafx-sdk-15.0.1\lib\javafx.fxml.jar;D:\Java\javaFX\javafx-sdk-15.0.1\lib\javafx.media.jar;D:\Java\javaFX\javafx-sdk-15.0.1\lib\javafx.swing.jar;D:\Java\javaFX\javafx-sdk-15.0.1\lib\javafx.controls.jar;D:\Java\javaFX\javafx-sdk-15.0.1\lib\javafx.graphics.jar;C:\Users\17974\.m2\repository\org\junit\jupiter\junit-jupiter\5.7.0\junit-jupiter-5.7.0.jar;C:\Users\17974\.m2\repository\org\junit\jupiter\junit-jupiter-api\5.7.0\junit-jupiter-api-5.7.0.jar;C:\Users\17974\.m2\repository\org\apiguardian\apiguardian-api\1.1.0\apiguardian-api-1.1.0.jar;C:\Users\17974\.m2\repository\org\opentest4j\opentest4j\1.2.0\opentest4j-1.2.0.jar;C:\Users\17974\.m2\repository\org\junit\platform\junit-platform-commons\1.7.0\junit-platform-commons-1.7.0.jar;C:\Users\17974\.m2\repository\org\junit\jupiter\junit-jupiter-params\5.7.0\junit-jupiter-params-5.7.0.jar;C:\Users\17974\.m2\repository\org\junit\jupiter\junit-jupiter-engine\5.7.0\junit-jupiter-engine-5.7.0.jar;C:\Users\17974\.m2\repository\org\junit\platform\junit-platform-engine\1.7.0\junit-platform-engine-1.7.0.jar
Launcher Type: SUN_STANDARD

[Global flags]
     intx CICompilerCount                          = 4                                         {product} {ergonomic}
     uint ConcGCThreads                            = 3                                         {product} {ergonomic}
     uint G1ConcRefinementThreads                  = 10                                        {product} {ergonomic}
   size_t G1HeapRegionSize                         = 2097152                                   {product} {ergonomic}
    uintx GCDrainStackTargetSize                   = 64                                        {product} {ergonomic}
   size_t InitialHeapSize                          = 266338304                                 {product} {ergonomic}
   size_t MarkStackSize                            = 4194304                                   {product} {ergonomic}
   size_t MaxHeapSize                              = 4261412864                                {product} {ergonomic}
   size_t MaxNewSize                               = 2556428288                                {product} {ergonomic}
   size_t MinHeapDeltaBytes                        = 2097152                                   {product} {ergonomic}
   size_t MinHeapSize                              = 8388608                                   {product} {ergonomic}
    uintx NonNMethodCodeHeapSize                   = 5839372                                {pd product} {ergonomic}
    uintx NonProfiledCodeHeapSize                  = 122909434                              {pd product} {ergonomic}
    uintx ProfiledCodeHeapSize                     = 122909434                              {pd product} {ergonomic}
    uintx ReservedCodeCacheSize                    = 251658240                              {pd product} {ergonomic}
     bool SegmentedCodeCache                       = true                                      {product} {ergonomic}
   size_t SoftMaxHeapSize                          = 4261412864                             {manageable} {ergonomic}
     bool UseCompressedClassPointers               = true                                 {lp64_product} {ergonomic}
     bool UseCompressedOops                        = true                                 {lp64_product} {ergonomic}
     bool UseG1GC                                  = true                                      {product} {ergonomic}
     bool UseLargePagesIndividualAllocation        = false                                  {pd product} {ergonomic}

Logging:
Log output configuration:
 #0: stdout all=warning uptime,level,tags
 #1: stderr all=off uptime,level,tags

Environment Variables:
JAVA_HOME=C:\Program Files\AdoptOpenJDK\jdk-15.0.2.7-hotspot\bin
CLASSPATH=. ;C:\Program Files\AdoptOpenJDK\jdk-15.0.2.7-hotspot\bin\lib;C:\Program Files\AdoptOpenJDK\jdk-15.0.2.7-hotspot\bin\lib\tools. jar
PATH=C:\Program Files\AdoptOpenJDK\jdk-15.0.2.7-hotspot\bin;C:\Program Files (x86)\Common Files\Intel\Shared Libraries\redist\intel64_win\compiler;C:\Windows\system32;C:\Windows;C:\Windows\System32\Wbem;C:\Windows\System32\WindowsPowerShell\v1.0\;C:\Windows\System32\OpenSSH\;C:\Program Files (x86)\NVIDIA Corporation\PhysX\Common;C:\Program Files\NVIDIA Corporation\NVIDIA NvDLISR;C:\Windows\system32;C:\Windows;C:\Windows\System32\Wbem;C:\Windows\System32\WindowsPowerShell\v1.0\;C:\Windows\System32\OpenSSH\;C:\ProgramData\chocolatey\bin;C:\Program Files\Microsoft VS Code\bin;D:\git\Git\cmd;C:\Program Files\Wolfram Research\WolframScript\;C:\Users\17974\Desktop\comp1710\Lab1\;C:\Users\17974\AppData\Local\Microsoft\WindowsApps;C:\tools\msys64;C:\Users\17974\AppData\Roaming\cabal\bin;C:\ProgramData\chocolatey\lib\ghc\tools\ghc-8.6.5\bin;;D:\VScode\Microsoft VS Code2\bin
USERNAME=XuXiao
OS=Windows_NT
PROCESSOR_IDENTIFIER=Intel64 Family 6 Model 165 Stepping 2, GenuineIntel



---------------  S Y S T E M  ---------------

OS:
 Windows 10 , 64 bit Build 18362 (10.0.18362.1350)
OS uptime: 7 days 9:25 hours

CPU: total 12 (initial active 12) (6 cores per cpu, 2 threads per core) family 6 model 165 stepping 2 microcode 0xe0, cmov, cx8, fxsr, mmx, sse, sse2, sse3, ssse3, sse4.1, sse4.2, popcnt, vzeroupper, avx, avx2, aes, clmul, erms, 3dnowpref, lzcnt, ht, tsc, tscinvbit, bmi1, bmi2, adx, fma, clflush, clflushopt

Memory: 4k page, system-wide physical 16252M (9744M free)
TotalPageFile size 18698M (AvailPageFile size 6439M)
current process WorkingSet (physical memory assigned to process): 24M, peak: 74M
current process commit charge ("private bytes"): 358M, peak: 369M

vm_info: OpenJDK 64-Bit Server VM (15.0.2+7) for windows-amd64 JRE (15.0.2+7), built on Jan 21 2021 05:54:57 by "" with MS VC++ 15.9 (VS2017)

END.
